Arguments: 
  C:\Program Files\nodejs\node.exe C:\Users\satya\AppData\Roaming\npm\node_modules\yarn\bin\yarn.js

PATH: 
  C:\Users\satya\AppData\Local\cloud-code\installer\google-cloud-sdk\bin;C:\Users\satya\AppData\Local\Programs\Python\Python311\Scripts;C:\Program Files\Common Files\Oracle\Java\javapath;C:\windows\system32;C:\windows;C:\windows\System32\Wbem;C:\windows\System32\WindowsPowerShell\v1.0\;C:\windows\System32\OpenSSH\;C:\Program Files\NVIDIA Corporation\NVIDIA NvDLISR;C:\Program Files\Git\cmd;C:\Program Files (x86)\Windows Kits\8.1\Windows Performance Toolkit\;C:\Program Files\Java\jdk-18.0.2.1\bin;C:\Program Files\dotnet\;C:\WINDOWS\system32;C:\WINDOWS;C:\WINDOWS\System32\Wbem;C:\WINDOWS\System32\WindowsPowerShell\v1.0\;C:\WINDOWS\System32\OpenSSH\;C:\MinGW\bin;C:\Users\satya\AppData\Roaming\nvm;C:\Users\satya\AppData\Local\Programs\Python\Python311;C:\Program Files\nodejs;C:\Python27;C:\Program Files\Microsoft SQL Server\130\Tools\Binn\;C:\Program Files (x86)\Microsoft SQL Server\160\DTS\Binn\;C:\Program Files\Azure Data Studio\bin;C:\Program Files\Docker\Docker\resources\bin;C:\Users\satya\AppData\Local\Programs\Python\Python311\Scripts\;C:\Users\satya\AppData\Local\Programs\Python\Python311\;C:\Users\satya\AppData\Local\Programs\Python\Python311\Scripts;C:\Users\satya\AppData\Local\Microsoft\WindowsApps;C:\Users\satya\AppData\Local\Programs\Microsoft VS Code\bin;C:\Users\satya\AppData\Roaming\npm;C:\Program Files\Java\jdk-18.0.2.1\bin;C:\MinGW\bin;C:\Users\satya\AppData\Roaming\nvm;C:\Program Files\nodejs;C:\Python27;;C:\Program Files\Azure Data Studio\bin

Yarn version: 
  1.22.19

Node version: 
  18.18.0

Platform: 
  win32 x64

Trace: 
  Error: https://registry.yarnpkg.com/happy-dom/-/happy-dom-9.20.3.tgz: ESOCKETTIMEDOUT
      at ClientRequest.<anonymous> (C:\Users\satya\AppData\Roaming\npm\node_modules\yarn\lib\cli.js:141517:19)
      at Object.onceWrapper (node:events:631:28)
      at ClientRequest.emit (node:events:517:28)
      at TLSSocket.emitRequestTimeout (node:_http_client:847:9)
      at Object.onceWrapper (node:events:631:28)
      at TLSSocket.emit (node:events:529:35)
      at Socket._onTimeout (node:net:598:8)
      at listOnTimeout (node:internal/timers:569:17)
      at process.processTimers (node:internal/timers:512:7)

npm manifest: 
  {
    "name": "catstronauts-client",
    "version": "1.0.0",
    "private": true,
    "description": "front-end demo app for Apollo's lift-off II course",
    "dependencies": {
      "@apollo/client": "^3.7.16",
      "@apollo/space-kit": "^9.3.1",
      "@emotion/cache": "^11.4.0",
      "@emotion/core": "^10.1.1",
      "@emotion/react": "^11.4.0",
      "@emotion/styled": "^11.3.0",
      "graphql": "^15.3.0",
      "react": "^16.13.1",
      "react-dom": "^16.13.1",
      "react-markdown": "^6.0.2",
      "react-player": "^2.6.0",
      "react-router-dom": "^6.8.0"
    },
    "scripts": {
      "test": "vitest",
      "start": "vite",
      "build": "vite build"
    },
    "browserslist": {
      "production": [
        ">0.2%",
        "not dead",
        "not op_mini all"
      ],
      "development": [
        "last 1 chrome version",
        "last 1 firefox version",
        "last 1 safari version"
      ]
    },
    "devDependencies": {
      "@testing-library/jest-dom": "^4.2.4",
      "@testing-library/react": "^9.3.2",
      "@testing-library/user-event": "^7.1.2",
      "@vitejs/plugin-react": "^4.0.1",
      "@vitest/ui": "^0.34.0",
      "happy-dom": "^9.20.3",
      "jest": "^27.5.1",
      "vite": "^4.5.1",
      "vitest": "^0.34.0"
    },
    "overrides": {
      "nth-check": "2.1.1"
    },
    "main": "src/index.js",
    "author": "Raphael Terrier @R4ph-t",
    "license": "MIT"
  }

yarn manifest: 
  No manifest

Lockfile: 
  No lockfile
